0 info it worked if it ends with ok
1 verbose cli [ 'C:\\Program Files\\nodejs\\node.exe',
1 verbose cli   'C:\\Program Files\\nodejs\\node_modules\\npm\\bin\\npm-cli.js',
1 verbose cli   'run-script',
1 verbose cli   'start' ]
2 info using npm@3.10.3
3 info using node@v6.7.0
4 verbose run-script [ 'prestart', 'start', 'poststart' ]
5 info lifecycle SampleStarter@0.1.0~prestart: SampleStarter@0.1.0
6 silly lifecycle SampleStarter@0.1.0~prestart: no script for prestart, continuing
7 info lifecycle SampleStarter@0.1.0~start: SampleStarter@0.1.0
8 verbose lifecycle SampleStarter@0.1.0~start: unsafe-perm in lifecycle true
9 verbose lifecycle SampleStarter@0.1.0~start: PATH: C:\Program Files\nodejs\node_modules\npm\bin\node-gyp-bin;D:\Projects\Larkyo-Client\node_modules\.bin;C:\Program Files\nodejs;C:\Program Files (x86)\Python36-32\Scripts\;C:\Program Files (x86)\Python36-32\;C:\ProgramData\Oracle\Java\javapath;C:\Windows\system32;C:\Windows;C:\Windows\System32\Wbem;C:\Windows\System32\WindowsPowerShell\v1.0\;C:\Program Files (x86)\NVIDIA Corporation\PhysX\Common;C:\Program Files\Microsoft SQL Server\130\Tools\Binn\;C:\Program Files\nodejs\;C:\Program Files\Microsoft SQL Server\120\Tools\Binn\;C:\Program Files\Microsoft SQL Server\Client SDK\ODBC\110\Tools\Binn\;C:\Program Files (x86)\Microsoft SQL Server\120\Tools\Binn\;C:\Program Files\Microsoft SQL Server\120\DTS\Binn\;C:\Program Files (x86)\Microsoft SQL Server\120\Tools\Binn\ManagementStudio\;C:\Program Files (x86)\Microsoft SQL Server\120\DTS\Binn\;C:\Program Files\dotnet\;C:\Program Files\Git\cmd;D:\Program Files\VirtualBox\VBoxManage;C:\wget;C:\gitea;C:\Program Files (x86)\OpenSSH\bin;C:\Program Files\PuTTY\;C:\Users\Clyde-Desktop\AppData\Local\Microsoft\WindowsApps;C:\Users\Clyde-Desktop\AppData\Local\atom\bin;C:\Users\Clyde-Desktop\AppData\Roaming\npm
10 verbose lifecycle SampleStarter@0.1.0~start: CWD: D:\Projects\Larkyo-Client
11 silly lifecycle SampleStarter@0.1.0~start: Args: [ '/d /s /c', 'webpack-dev-server --open' ]
12 silly lifecycle SampleStarter@0.1.0~start: Returned: code: 1073807364  signal: null
13 info lifecycle SampleStarter@0.1.0~start: Failed to exec start script
14 verbose stack Error: SampleStarter@0.1.0 start: `webpack-dev-server --open`
14 verbose stack Exit status 1073807364
14 verbose stack     at EventEmitter.<anonymous> (C:\Program Files\nodejs\node_modules\npm\lib\utils\lifecycle.js:242:16)
14 verbose stack     at emitTwo (events.js:106:13)
14 verbose stack     at EventEmitter.emit (events.js:191:7)
14 verbose stack     at ChildProcess.<anonymous> (C:\Program Files\nodejs\node_modules\npm\lib\utils\spawn.js:40:14)
14 verbose stack     at emitTwo (events.js:106:13)
14 verbose stack     at ChildProcess.emit (events.js:191:7)
14 verbose stack     at maybeClose (internal/child_process.js:877:16)
14 verbose stack     at Process.ChildProcess._handle.onexit (internal/child_process.js:226:5)
15 verbose pkgid SampleStarter@0.1.0
16 verbose cwd D:\Projects\Larkyo-Client
17 error Windows_NT 10.0.14393
18 error argv "C:\\Program Files\\nodejs\\node.exe" "C:\\Program Files\\nodejs\\node_modules\\npm\\bin\\npm-cli.js" "run-script" "start"
19 error node v6.7.0
20 error npm  v3.10.3
21 error code ELIFECYCLE
22 error SampleStarter@0.1.0 start: `webpack-dev-server --open`
22 error Exit status 1073807364
23 error Failed at the SampleStarter@0.1.0 start script 'webpack-dev-server --open'.
23 error Make sure you have the latest version of node.js and npm installed.
23 error If you do, this is most likely a problem with the SampleStarter package,
23 error not with npm itself.
23 error Tell the author that this fails on your system:
23 error     webpack-dev-server --open
23 error You can get information on how to open an issue for this project with:
23 error     npm bugs SampleStarter
23 error Or if that isn't available, you can get their info via:
23 error     npm owner ls SampleStarter
23 error There is likely additional logging output above.
24 verbose exit [ 1, true ]
